<?xml version="1.0" encoding="UTF-8"?>
<!-- Generated by org.testng.reporters.JUnitReportReporter -->
<testsuite hostname="LAPTOP-B8G85UAF" failures="0" tests="1" name="practtice.Practice" time="0.008" errors="0" timestamp="2023-03-21T13:19:07 IST" skipped="0">
  <testcase classname="practtice.Practice" name="run" time="0.008"/>
  <system-out/>
</testsuite> <!-- practtice.Practice -->
